TN:
SF:src/cli.ts
FN:24,(anonymous_10)
FN:35,(anonymous_11)
FN:62,(anonymous_12)
FNF:3
FNH:0
FNDA:0,(anonymous_10)
FNDA:0,(anonymous_11)
FNDA:0,(anonymous_12)
DA:3,0
DA:4,0
DA:6,0
DA:7,0
DA:11,0
DA:12,0
DA:18,0
DA:25,0
DA:27,0
DA:28,0
DA:31,0
DA:32,0
DA:35,0
DA:36,0
DA:37,0
DA:38,0
DA:39,0
DA:40,0
DA:44,0
DA:45,0
DA:46,0
DA:49,0
DA:50,0
DA:52,0
DA:53,0
DA:55,0
DA:56,0
DA:61,0
DA:63,0
DA:64,0
DA:68,0
LF:31
LH:0
BRDA:45,0,0,0
BRDA:45,0,1,0
BRF:2
BRH:0
end_of_record
TN:
SF:src/index.ts
FN:28,generateWat
FN:83,generateWasm
FNF:2
FNH:2
FNDA:1,generateWat
FNDA:1,generateWasm
DA:26,1
DA:27,1
DA:28,1
DA:33,1
DA:35,1
DA:44,1
DA:45,1
DA:46,1
DA:47,1
DA:48,1
DA:49,1
DA:56,1
DA:57,1
DA:58,7
DA:59,7
DA:63,1
DA:83,1
DA:89,1
DA:92,1
LF:19
LH:19
BRDA:30,0,0,0
BRDA:86,1,0,1
BRF:2
BRH:1
end_of_record
